<?xml version="1.0" encoding="UTF-8"?>
<testng-results ignored="0" total="1" passed="0" failed="1" skipped="0">
  <reporter-output>
    <line>
      <![CDATA[DataBase connection succesful]]>
    </line>
    <line>
      <![CDATA[browser launch succesfull]]>
    </line>
    <line>
      <![CDATA[login succesfull]]>
    </line>
    <line>
      <![CDATA[logout succesfull]]>
    </line>
    <line>
      <![CDATA[browser close succesful]]>
    </line>
    <line>
      <![CDATA[database close]]>
    </line>
  </reporter-output>
  <suite started-at="2022-03-17T11:41:31 IST" name="Default suite" finished-at="2022-03-17T11:41:53 IST" duration-ms="21979">
    <groups>
    </groups>
    <test started-at="2022-03-17T11:41:31 IST" name="Default test" finished-at="2022-03-17T11:41:53 IST" duration-ms="21979">
      <class name="com.crm.TestNGLeadsTest.CreateLeadTest">
        <test-method is-config="true" signature="connectDataBase()[pri:0, instance:com.crm.TestNGLeadsTest.CreateLeadTest@611889f4]" started-at="2022-03-17T11:41:31 IST" name="connectDataBase" finished-at="2022-03-17T11:41:31 IST" duration-ms="11" status="PASS">
          <reporter-output>
            <line>
              <![CDATA[DataBase connection succesful]]>
            </line>
          </reporter-output>
        </test-method> <!-- connectDataBase -->
        <test-method is-config="true" signature="launchTheBrowser()[pri:0, instance:com.crm.TestNGLeadsTest.CreateLeadTest@611889f4]" started-at="2022-03-17T11:41:32 IST" name="launchTheBrowser" finished-at="2022-03-17T11:41:35 IST" duration-ms="3069" status="PASS">
          <reporter-output>
            <line>
              <![CDATA[browser launch succesfull]]>
            </line>
          </reporter-output>
        </test-method> <!-- launchTheBrowser -->
        <test-method is-config="true" signature="login()[pri:0, instance:com.crm.TestNGLeadsTest.CreateLeadTest@611889f4]" started-at="2022-03-17T11:41:35 IST" name="login" finished-at="2022-03-17T11:41:38 IST" duration-ms="3713" status="PASS">
          <reporter-output>
            <line>
              <![CDATA[login succesfull]]>
            </line>
          </reporter-output>
        </test-method> <!-- login -->
        <test-method signature="searchleadByWebsiteTest()[pri:0, instance:com.crm.TestNGLeadsTest.CreateLeadTest@611889f4]" started-at="2022-03-17T11:41:38 IST" name="searchleadByWebsiteTest" finished-at="2022-03-17T11:41:51 IST" duration-ms="12349" status="FAIL">
          <exception class="java.lang.AssertionError">
            <message>
              <![CDATA[null]]>
            </message>
            <full-stacktrace>
              <![CDATA[java.lang.AssertionError: null
at org.testng.Assert.fail(Assert.java:99)
at org.testng.Assert.fail(Assert.java:106)
at com.crm.TestNGLeadsTest.CreateLeadTest.searchleadByWebsiteTest(CreateLeadTest.java:29)
at java.base/jdk.internal.reflect.NativeMethodAccessorImpl.invoke0(Native Method)
at java.base/jdk.internal.reflect.NativeMethodAccessorImpl.invoke(NativeMethodAccessorImpl.java:77)
at java.base/jdk.internal.reflect.DelegatingMethodAccessorImpl.invoke(DelegatingMethodAccessorImpl.java:43)
at java.base/java.lang.reflect.Method.invoke(Method.java:568)
at org.testng.internal.MethodInvocationHelper.invokeMethod(MethodInvocationHelper.java:133)
at org.testng.internal.TestInvoker.invokeMethod(TestInvoker.java:598)
at org.testng.internal.TestInvoker.invokeTestMethod(TestInvoker.java:173)
at org.testng.internal.MethodRunner.runInSequence(MethodRunner.java:46)
at org.testng.internal.TestInvoker$MethodInvocationAgent.invoke(TestInvoker.java:824)
at org.testng.internal.TestInvoker.invokeTestMethods(TestInvoker.java:146)
at org.testng.internal.TestMethodWorker.invokeTestMethods(TestMethodWorker.java:146)
at org.testng.internal.TestMethodWorker.run(TestMethodWorker.java:128)
at java.base/java.util.ArrayList.forEach(ArrayList.java:1511)
at org.testng.TestRunner.privateRun(TestRunner.java:794)
at org.testng.TestRunner.run(TestRunner.java:596)
at org.testng.SuiteRunner.runTest(SuiteRunner.java:377)
at org.testng.SuiteRunner.runSequentially(SuiteRunner.java:371)
at org.testng.SuiteRunner.privateRun(SuiteRunner.java:332)
at org.testng.SuiteRunner.run(SuiteRunner.java:276)
at org.testng.SuiteRunnerWorker.runSuite(SuiteRunnerWorker.java:53)
at org.testng.SuiteRunnerWorker.run(SuiteRunnerWorker.java:96)
at org.testng.TestNG.runSuitesSequentially(TestNG.java:1212)
at org.testng.TestNG.runSuitesLocally(TestNG.java:1134)
at org.testng.TestNG.runSuites(TestNG.java:1063)
at org.testng.TestNG.run(TestNG.java:1031)
at org.testng.remote.AbstractRemoteTestNG.run(AbstractRemoteTestNG.java:115)
at org.testng.remote.RemoteTestNG.initAndRun(RemoteTestNG.java:251)
at org.testng.remote.RemoteTestNG.main(RemoteTestNG.java:77)
]]>
            </full-stacktrace>
          </exception> <!-- java.lang.AssertionError -->
          <reporter-output>
          </reporter-output>
        </test-method> <!-- searchleadByWebsiteTest -->
        <test-method is-config="true" signature="logout()[pri:0, instance:com.crm.TestNGLeadsTest.CreateLeadTest@611889f4]" started-at="2022-03-17T11:41:51 IST" name="logout" finished-at="2022-03-17T11:41:53 IST" duration-ms="1873" status="PASS">
          <reporter-output>
            <line>
              <![CDATA[logout succesfull]]>
            </line>
          </reporter-output>
        </test-method> <!-- logout -->
        <test-method is-config="true" signature="closeBrowser()[pri:0, instance:com.crm.TestNGLeadsTest.CreateLeadTest@611889f4]" started-at="2022-03-17T11:41:53 IST" name="closeBrowser" finished-at="2022-03-17T11:41:53 IST" duration-ms="174" status="PASS">
          <reporter-output>
            <line>
              <![CDATA[browser close succesful]]>
            </line>
          </reporter-output>
        </test-method> <!-- closeBrowser -->
        <test-method is-config="true" signature="closeDB()[pri:0, instance:com.crm.TestNGLeadsTest.CreateLeadTest@611889f4]" started-at="2022-03-17T11:41:54 IST" name="closeDB" finished-at="2022-03-17T11:41:54 IST" duration-ms="1" status="PASS">
          <reporter-output>
            <line>
              <![CDATA[database close]]>
            </line>
          </reporter-output>
        </test-method> <!-- closeDB -->
      </class> <!-- com.crm.TestNGLeadsTest.CreateLeadTest -->
    </test> <!-- Default test -->
  </suite> <!-- Default suite -->
</testng-results>
